<?xml version="1.0" encoding="UTF-8"?>
<testng-results ignored="0" total="1" passed="1" failed="0" skipped="0">
  <reporter-output>
  </reporter-output>
  <suite started-at="2023-03-31T12:39:05 IST" name="Default suite" finished-at="2023-03-31T12:39:05 IST" duration-ms="64">
    <groups>
    </groups>
    <test started-at="2023-03-31T12:39:05 IST" name="Default test" finished-at="2023-03-31T12:39:05 IST" duration-ms="64">
      <class name="demoMaven.SampleDemo">
        <test-method signature="test_01()[pri:0, instance:demoMaven.SampleDemo@d29f28]" started-at="2023-03-31T12:39:05 IST" name="test_01" finished-at="2023-03-31T12:39:05 IST" duration-ms="11" status="PASS">
          <reporter-output>
          </reporter-output>
        </test-method> <!-- test_01 -->
      </class> <!-- demoMaven.SampleDemo -->
    </test> <!-- Default test -->
  </suite> <!-- Default suite -->
</testng-results>
